<?xml version="1.0" encoding="UTF-8"?>
<!-- Generated by org.testng.reporters.JUnitReportReporter -->
<testsuite hostname="LAPTOP-O47GKOQR" failures="0" tests="4" name="com.testScenarios.GymSubMenuItems" time="13.796" errors="0" timestamp="2021-05-05T22:38:53 IST" skipped="0">
  <testcase classname="com.testScenarios.GymSubMenuItems" name="clickFitnessLink" time="3.415"/>
  <system-out/>
  <testcase classname="com.testScenarios.GymSubMenuItems" name="clickGymLink" time="2.465"/>
  <system-out/>
  <testcase classname="com.testScenarios.GymSubMenuItems" name="subItems" time="2.253"/>
  <system-out/>
  <testcase classname="com.testScenarios.GymSubMenuItems" name="backToHome" time="5.663"/>
  <system-out/>
</testsuite> <!-- com.testScenarios.GymSubMenuItems -->
