<?xml version="1.0" encoding="UTF-8"?>
<!-- Generated by org.testng.reporters.JUnitReportReporter -->
<testsuite hostname="LAPTOP-O47GKOQR" failures="0" tests="3" name="com.testScenarios.FreeListing" time="8.576" errors="0" timestamp="2021-05-05T22:35:26 IST" skipped="0">
  <testcase classname="com.testScenarios.FreeListing" name="clickFreeListingLink" time="3.064"/>
  <system-out/>
  <testcase classname="com.testScenarios.FreeListing" name="fillFormValues" time="1.622"/>
  <system-out/>
  <testcase classname="com.testScenarios.FreeListing" name="submitForm" time="3.890"/>
  <system-out/>
</testsuite> <!-- com.testScenarios.FreeListing -->
