<?xml version="1.0" encoding="UTF-8"?>
<!-- Generated by org.testng.reporters.JUnitReportReporter -->
<testsuite hostname="LAPTOP-O47GKOQR" failures="0" tests="4" name="com.testScenarios.GymSubMenuItems" time="7.784" errors="0" timestamp="2021-05-04T10:01:58 IST" skipped="0">
  <testcase classname="com.testScenarios.GymSubMenuItems" name="clickFitnessLink" time="2.053"/>
  <system-out/>
  <testcase classname="com.testScenarios.GymSubMenuItems" name="clickGymLink" time="1.934"/>
  <system-out/>
  <testcase classname="com.testScenarios.GymSubMenuItems" name="subItems" time="0.625"/>
  <system-out/>
  <testcase classname="com.testScenarios.GymSubMenuItems" name="backToHome" time="3.172"/>
  <system-out/>
</testsuite> <!-- com.testScenarios.GymSubMenuItems -->
