<?xml version="1.0" encoding="UTF-8"?>
<!-- Generated by org.testng.reporters.JUnitReportReporter -->
<testsuite hostname="LAPTOP-O47GKOQR" failures="0" tests="4" name="com.testScenarios.BasicFunctionalityTest" time="15.639" errors="0" timestamp="2021-05-04T10:01:58 IST" skipped="0">
  <testcase classname="com.testScenarios.BasicFunctionalityTest" name="verifyHomeTitle" time="0.035"/>
  <system-out/>
  <testcase classname="com.testScenarios.BasicFunctionalityTest" name="navigateToFreeListing" time="7.534"/>
  <system-out/>
  <testcase classname="com.testScenarios.BasicFunctionalityTest" name="navigateToCustomerCare" time="3.643"/>
  <system-out/>
  <testcase classname="com.testScenarios.BasicFunctionalityTest" name="navigateToSocial" time="4.427"/>
  <system-out/>
</testsuite> <!-- com.testScenarios.BasicFunctionalityTest -->
