<?xml version="1.0" encoding="UTF-8"?>
<!-- Generated by org.testng.reporters.JUnitReportReporter -->
<testsuite hostname="LAPTOP-O47GKOQR" failures="0" tests="4" name="com.testScenarios.BasicFunctionalityTest" time="14.738" errors="0" timestamp="2021-05-05T22:35:26 IST" skipped="0">
  <testcase classname="com.testScenarios.BasicFunctionalityTest" name="verifyHomeTitle" time="0.683"/>
  <system-out/>
  <testcase classname="com.testScenarios.BasicFunctionalityTest" name="navigateToFreeListing" time="5.726"/>
  <system-out/>
  <testcase classname="com.testScenarios.BasicFunctionalityTest" name="navigateToCustomerCare" time="3.327"/>
  <system-out/>
  <testcase classname="com.testScenarios.BasicFunctionalityTest" name="navigateToSocial" time="5.002"/>
  <system-out/>
</testsuite> <!-- com.testScenarios.BasicFunctionalityTest -->
