<?xml version="1.0" encoding="UTF-8"?>
<!-- Generated by org.testng.reporters.JUnitReportReporter -->
<testsuite hostname="LAPTOP-O47GKOQR" failures="0" tests="9" name="com.testScenarios.CarWashServices" time="32.333" errors="0" timestamp="2021-05-04T10:01:57 IST" skipped="0">
  <testcase classname="com.testScenarios.CarWashServices" name="verifyHomeTitle" time="0.008"/>
  <system-out/>
  <testcase classname="com.testScenarios.CarWashServices" name="clickLocationButton" time="0.131"/>
  <system-out/>
  <testcase classname="com.testScenarios.CarWashServices" name="chooseLocation" time="0.674"/>
  <system-out/>
  <testcase classname="com.testScenarios.CarWashServices" name="clickSearchTextBox" time="0.437"/>
  <system-out/>
  <testcase classname="com.testScenarios.CarWashServices" name="enterService" time="0.614"/>
  <system-out/>
  <testcase classname="com.testScenarios.CarWashServices" name="clickSearchButton" time="3.672"/>
  <system-out/>
  <testcase classname="com.testScenarios.CarWashServices" name="verifyCarWashingTitle" time="1.831"/>
  <system-out/>
  <testcase classname="com.testScenarios.CarWashServices" name="getSearchResults" time="23.424"/>
  <system-out/>
  <testcase classname="com.testScenarios.CarWashServices" name="returnToHomePage" time="1.542"/>
  <system-out/>
</testsuite> <!-- com.testScenarios.CarWashServices -->
