<?xml version="1.0" encoding="UTF-8"?>
<!-- Generated by org.testng.reporters.JUnitReportReporter -->
<testsuite hostname="LAPTOP-O47GKOQR" failures="0" tests="9" name="com.testScenarios.CarWashServices" time="34.511" errors="0" timestamp="2021-05-05T22:35:26 IST" skipped="0">
  <testcase classname="com.testScenarios.CarWashServices" name="verifyHomeTitle" time="0.399"/>
  <system-out/>
  <testcase classname="com.testScenarios.CarWashServices" name="clickLocationButton" time="0.142"/>
  <system-out/>
  <testcase classname="com.testScenarios.CarWashServices" name="chooseLocation" time="0.573"/>
  <system-out/>
  <testcase classname="com.testScenarios.CarWashServices" name="clickSearchTextBox" time="0.442"/>
  <system-out/>
  <testcase classname="com.testScenarios.CarWashServices" name="enterService" time="0.588"/>
  <system-out/>
  <testcase classname="com.testScenarios.CarWashServices" name="clickSearchButton" time="3.395"/>
  <system-out/>
  <testcase classname="com.testScenarios.CarWashServices" name="verifyCarWashingTitle" time="0.518"/>
  <system-out/>
  <testcase classname="com.testScenarios.CarWashServices" name="getSearchResults" time="26.546"/>
  <system-out/>
  <testcase classname="com.testScenarios.CarWashServices" name="returnToHomePage" time="1.908"/>
  <system-out/>
</testsuite> <!-- com.testScenarios.CarWashServices -->
