<?xml version="1.0" encoding="UTF-8"?>
<!-- Generated by org.testng.reporters.JUnitReportReporter -->
<testsuite hostname="LAPTOP-O47GKOQR" failures="0" tests="9" name="com.testScenarios.CarWashServices" time="23.150" errors="0" timestamp="2021-05-05T17:11:38 IST" skipped="0">
  <testcase classname="com.testScenarios.CarWashServices" name="verifyHomeTitle" time="0.396"/>
  <system-out/>
  <testcase classname="com.testScenarios.CarWashServices" name="clickLocationButton" time="0.083"/>
  <system-out/>
  <testcase classname="com.testScenarios.CarWashServices" name="chooseLocation" time="0.492"/>
  <system-out/>
  <testcase classname="com.testScenarios.CarWashServices" name="clickSearchTextBox" time="0.352"/>
  <system-out/>
  <testcase classname="com.testScenarios.CarWashServices" name="enterService" time="0.455"/>
  <system-out/>
  <testcase classname="com.testScenarios.CarWashServices" name="clickSearchButton" time="2.191"/>
  <system-out/>
  <testcase classname="com.testScenarios.CarWashServices" name="verifyCarWashingTitle" time="0.362"/>
  <system-out/>
  <testcase classname="com.testScenarios.CarWashServices" name="getSearchResults" time="17.806"/>
  <system-out/>
  <testcase classname="com.testScenarios.CarWashServices" name="returnToHomePage" time="1.013"/>
  <system-out/>
</testsuite> <!-- com.testScenarios.CarWashServices -->
