<?xml version="1.0" encoding="UTF-8"?>
<!-- Generated by org.testng.reporters.JUnitReportReporter -->
<testsuite hostname="LAPTOP-O47GKOQR" failures="0" tests="3" name="com.testScenarios.FreeListing" time="12.167" errors="0" timestamp="2021-05-04T10:01:57 IST" skipped="0">
  <testcase classname="com.testScenarios.FreeListing" name="clickFreeListingLink" time="3.243"/>
  <system-out/>
  <testcase classname="com.testScenarios.FreeListing" name="fillFormValues" time="1.873"/>
  <system-out/>
  <testcase classname="com.testScenarios.FreeListing" name="submitForm" time="7.051"/>
  <system-out/>
</testsuite> <!-- com.testScenarios.FreeListing -->
