<?xml version="1.0" encoding="UTF-8"?>
<!-- Generated by org.testng.reporters.JUnitReportReporter -->
<testsuite hostname="LAPTOP-O47GKOQR" failures="0" tests="3" name="com.testScenarios.FreeListing" time="6.156" errors="0" timestamp="2021-05-05T17:11:38 IST" skipped="0">
  <testcase classname="com.testScenarios.FreeListing" name="clickFreeListingLink" time="1.301"/>
  <system-out/>
  <testcase classname="com.testScenarios.FreeListing" name="fillFormValues" time="1.083"/>
  <system-out/>
  <testcase classname="com.testScenarios.FreeListing" name="submitForm" time="3.772"/>
  <system-out/>
</testsuite> <!-- com.testScenarios.FreeListing -->
