<?xml version="1.0" encoding="UTF-8"?>
<!-- Generated by org.testng.reporters.JUnitReportReporter -->
<testsuite hostname="LAPTOP-O47GKOQR" failures="0" tests="4" name="com.testScenarios.BasicFunctionalityTest" time="9.044" errors="0" timestamp="2021-05-05T17:11:38 IST" skipped="0">
  <testcase classname="com.testScenarios.BasicFunctionalityTest" name="verifyHomeTitle" time="0.410"/>
  <system-out/>
  <testcase classname="com.testScenarios.BasicFunctionalityTest" name="navigateToFreeListing" time="2.604"/>
  <system-out/>
  <testcase classname="com.testScenarios.BasicFunctionalityTest" name="navigateToCustomerCare" time="2.507"/>
  <system-out/>
  <testcase classname="com.testScenarios.BasicFunctionalityTest" name="navigateToSocial" time="3.523"/>
  <system-out/>
</testsuite> <!-- com.testScenarios.BasicFunctionalityTest -->
