<?xml version="1.0" encoding="UTF-8"?>
<!-- Generated by org.testng.reporters.JUnitReportReporter -->
<testsuite hostname="LAPTOP-O47GKOQR" failures="0" tests="4" name="com.testScenarios.GymSubMenuItems" time="7.044" errors="0" timestamp="2021-05-05T17:11:38 IST" skipped="0">
  <testcase classname="com.testScenarios.GymSubMenuItems" name="clickFitnessLink" time="1.885"/>
  <system-out/>
  <testcase classname="com.testScenarios.GymSubMenuItems" name="clickGymLink" time="2.122"/>
  <system-out/>
  <testcase classname="com.testScenarios.GymSubMenuItems" name="subItems" time="0.723"/>
  <system-out/>
  <testcase classname="com.testScenarios.GymSubMenuItems" name="backToHome" time="2.314"/>
  <system-out/>
</testsuite> <!-- com.testScenarios.GymSubMenuItems -->
