<?xml version="1.0" encoding="UTF-8"?>
<!-- Generated by org.testng.reporters.JUnitReportReporter -->
<testsuite ignored="0" hostname="LAPTOP-O47GKOQR" failures="0" tests="4" name="com.testScenarios.GymSubMenuItems" time="9.025" errors="0" timestamp="05 May 2021 17:14:24 GMT" skipped="0">
  <testcase classname="com.testScenarios.GymSubMenuItems" name="clickGymLink" time="2.397"/>
  <testcase classname="com.testScenarios.GymSubMenuItems" name="subItems" time="0.966"/>
  <testcase classname="com.testScenarios.GymSubMenuItems" name="clickFitnessLink" time="2.406"/>
  <testcase classname="com.testScenarios.GymSubMenuItems" name="backToHome" time="3.256"/>
</testsuite> <!-- com.testScenarios.GymSubMenuItems -->
