<?xml version="1.0" encoding="UTF-8"?>
<!-- Generated by org.testng.reporters.JUnitReportReporter -->
<testsuite ignored="0" hostname="LAPTOP-O47GKOQR" failures="0" tests="4" name="com.testScenarios.GymSubMenuItems" time="8.112" errors="0" timestamp="04 May 2021 04:37:10 GMT" skipped="0">
  <testcase classname="com.testScenarios.GymSubMenuItems" name="clickGymLink" time="2.066"/>
  <testcase classname="com.testScenarios.GymSubMenuItems" name="backToHome" time="3.326"/>
  <testcase classname="com.testScenarios.GymSubMenuItems" name="subItems" time="0.459"/>
  <testcase classname="com.testScenarios.GymSubMenuItems" name="clickFitnessLink" time="2.261"/>
</testsuite> <!-- com.testScenarios.GymSubMenuItems -->
