<?xml version="1.0" encoding="UTF-8"?>
<!-- Generated by org.testng.reporters.JUnitReportReporter -->
<testsuite ignored="0" hostname="LAPTOP-O47GKOQR" failures="0" tests="4" name="com.testScenarios.BasicFunctionalityTest" time="13.157" errors="0" timestamp="05 May 2021 17:14:24 GMT" skipped="0">
  <testcase classname="com.testScenarios.BasicFunctionalityTest" name="navigateToSocial" time="4.531"/>
  <testcase classname="com.testScenarios.BasicFunctionalityTest" name="navigateToFreeListing" time="4.064"/>
  <testcase classname="com.testScenarios.BasicFunctionalityTest" name="navigateToCustomerCare" time="3.958"/>
  <testcase classname="com.testScenarios.BasicFunctionalityTest" name="verifyHomeTitle" time="0.604"/>
</testsuite> <!-- com.testScenarios.BasicFunctionalityTest -->
