<?xml version="1.0" encoding="UTF-8"?>
<!-- Generated by org.testng.reporters.JUnitReportReporter -->
<testsuite ignored="0" hostname="LAPTOP-O47GKOQR" failures="0" tests="4" name="com.testScenarios.BasicFunctionalityTest" time="8.689" errors="0" timestamp="04 May 2021 04:37:10 GMT" skipped="0">
  <testcase classname="com.testScenarios.BasicFunctionalityTest" name="navigateToSocial" time="2.808"/>
  <testcase classname="com.testScenarios.BasicFunctionalityTest" name="verifyHomeTitle" time="0.024"/>
  <testcase classname="com.testScenarios.BasicFunctionalityTest" name="navigateToCustomerCare" time="2.564"/>
  <testcase classname="com.testScenarios.BasicFunctionalityTest" name="navigateToFreeListing" time="3.293"/>
</testsuite> <!-- com.testScenarios.BasicFunctionalityTest -->
