<?xml version="1.0" encoding="UTF-8"?>
<!-- Generated by org.testng.reporters.JUnitReportReporter -->
<testsuite ignored="0" hostname="LAPTOP-O47GKOQR" failures="0" tests="3" name="com.testScenarios.FreeListing" time="8.229" errors="0" timestamp="05 May 2021 17:14:24 GMT" skipped="0">
  <testcase classname="com.testScenarios.FreeListing" name="fillFormValues" time="1.481"/>
  <testcase classname="com.testScenarios.FreeListing" name="clickFreeListingLink" time="2.807"/>
  <testcase classname="com.testScenarios.FreeListing" name="submitForm" time="3.941"/>
</testsuite> <!-- com.testScenarios.FreeListing -->
