<?xml version="1.0" encoding="UTF-8"?>
<!-- Generated by org.testng.reporters.JUnitReportReporter -->
<testsuite ignored="0" hostname="LAPTOP-O47GKOQR" failures="0" tests="9" name="com.testScenarios.CarWashServices" time="43.836" errors="0" timestamp="05 May 2021 17:14:24 GMT" skipped="0">
  <testcase classname="com.testScenarios.CarWashServices" name="clickSearchTextBox" time="0.605"/>
  <testcase classname="com.testScenarios.CarWashServices" name="getSearchResults" time="35.658"/>
  <testcase classname="com.testScenarios.CarWashServices" name="chooseLocation" time="0.819"/>
  <testcase classname="com.testScenarios.CarWashServices" name="enterService" time="0.770"/>
  <testcase classname="com.testScenarios.CarWashServices" name="clickSearchButton" time="2.837"/>
  <testcase classname="com.testScenarios.CarWashServices" name="returnToHomePage" time="1.889"/>
  <testcase classname="com.testScenarios.CarWashServices" name="verifyCarWashingTitle" time="0.533"/>
  <testcase classname="com.testScenarios.CarWashServices" name="clickLocationButton" time="0.234"/>
  <testcase classname="com.testScenarios.CarWashServices" name="verifyHomeTitle" time="0.491"/>
</testsuite> <!-- com.testScenarios.CarWashServices -->
