<?xml version="1.0" encoding="UTF-8"?>
<!-- Generated by org.testng.reporters.JUnitReportReporter -->
<testsuite ignored="0" hostname="LAPTOP-O47GKOQR" failures="0" tests="3" name="com.testScenarios.FreeListing" time="8.522" errors="0" timestamp="04 May 2021 04:37:10 GMT" skipped="0">
  <testcase classname="com.testScenarios.FreeListing" name="fillFormValues" time="2.055"/>
  <testcase classname="com.testScenarios.FreeListing" name="clickFreeListingLink" time="2.761"/>
  <testcase classname="com.testScenarios.FreeListing" name="submitForm" time="3.706"/>
</testsuite> <!-- com.testScenarios.FreeListing -->
